<?xml version="1.0" encoding="utf-8" ?>
<!DOCTYPE html PUBLIC "-//W3C//DTD XHTML 1.0 Strict//EN"
        "http://www.w3.org/TR/xhtml1/DTD/xhtml1-strict.dtd">
<html xmlns="http://www.w3.org/1999/xhtml" xml:lang="" lang="">
<head>
  <title>Test Results Report - text_selenium</title>
  <meta http-equiv="Content-Type" content="text/html;charset=utf-8" />
  <meta name="description" content="TestNG unit test results." />
  <link href="reportng.css" rel="stylesheet" type="text/css" />
    <script type="text/javascript" src="reportng.js"></script>
</head>
<body>
<h1>text_selenium</h1>
<p>
  Test duration: 0.000s
</p>

  <table class="resultsTable configTable">
    <tr><th colspan="3" class="header failedConfig">Failed Configuration</th></tr>
              <tr class="group">
        <td colspan="3">com.selenium.test.utils.Baidu</td>
      </tr>
            
<tr>
  <td class="method">
                  setUp
      </td>
  <td class="duration">
    0.000s
  </td>
  <td class="result">
        
    
        

        <a href="javascript:toggleElement('exception-0', 'block')" title="Click to expand/collapse"><b>org.openqa.selenium.WebDriverException: Unable to bind to locking port 7054 within 45000 ms<br/>
Build info: version: &apos;2.45.0&apos;, revision: &apos;5017cb8e7ca8e37638dc3091b2440b90a1d8686f&apos;, time: &apos;2015-02-27 09:10:26&apos;<br/>
System info: host: &apos;DESKTOP-7S282RB&apos;, ip: &apos;192.168.154.2&apos;, os.name: &apos;Windows 10&apos;, os.arch: &apos;amd64&apos;, os.version: &apos;10.0&apos;, java.version: &apos;1.8.0_91&apos;<br/>
Driver info: driver.version: FirefoxDriver</b></a><br />
    <div class="stackTrace" id="exception-0">
              org.openqa.selenium.internal.SocketLock.lock(SocketLock.java:98)<br />
              org.openqa.selenium.firefox.internal.NewProfileExtensionConnection.start(NewProfileExtensionConnection.java:84)<br />
              org.openqa.selenium.firefox.FirefoxDriver.startClient(FirefoxDriver.java:246)<br />
              org.openqa.selenium.remote.RemoteWebDriver.&lt;init&gt;(RemoteWebDriver.java:114)<br />
              org.openqa.selenium.firefox.FirefoxDriver.&lt;init&gt;(FirefoxDriver.java:193)<br />
              org.openqa.selenium.firefox.FirefoxDriver.&lt;init&gt;(FirefoxDriver.java:186)<br />
              org.openqa.selenium.firefox.FirefoxDriver.&lt;init&gt;(FirefoxDriver.java:182)<br />
              org.openqa.selenium.firefox.FirefoxDriver.&lt;init&gt;(FirefoxDriver.java:95)<br />
              com.selenium.test.utils.Baidu.setUp(Baidu.java:19)<br />
              sun.reflect.NativeMethodAccessorImpl.invoke0(Native Method)<br />
              sun.reflect.NativeMethodAccessorImpl.invoke(NativeMethodAccessorImpl.java:62)<br />
              sun.reflect.DelegatingMethodAccessorImpl.invoke(DelegatingMethodAccessorImpl.java:43)<br />
              java.lang.reflect.Method.invoke(Method.java:498)<br />
              org.testng.internal.MethodInvocationHelper.invokeMethod(MethodInvocationHelper.java:85)<br />
              org.testng.internal.Invoker.invokeConfigurationMethod(Invoker.java:552)<br />
              org.testng.internal.Invoker.invokeConfigurations(Invoker.java:215)<br />
              org.testng.internal.Invoker.invokeConfigurations(Invoker.java:140)<br />
              org.testng.internal.TestMethodWorker.invokeBeforeClassMethods(TestMethodWorker.java:170)<br />
              org.testng.internal.TestMethodWorker.run(TestMethodWorker.java:104)<br />
              java.util.concurrent.ThreadPoolExecutor.runWorker(ThreadPoolExecutor.java:1142)<br />
              java.util.concurrent.ThreadPoolExecutor$Worker.run(ThreadPoolExecutor.java:617)<br />
              java.lang.Thread.run(Thread.java:745)<br />
                </div>
      </td>
</tr>
<tr>
  <td class="method">
                  tearDown
      </td>
  <td class="duration">
    0.000s
  </td>
  <td class="result">
        
    
        

        <a href="javascript:toggleElement('exception-1', 'block')" title="Click to expand/collapse"><b>java.lang.NullPointerException</b></a><br />
    <div class="stackTrace" id="exception-1">
              com.selenium.test.utils.Baidu.tearDown(Baidu.java:35)<br />
              sun.reflect.NativeMethodAccessorImpl.invoke0(Native Method)<br />
              sun.reflect.NativeMethodAccessorImpl.invoke(NativeMethodAccessorImpl.java:62)<br />
              sun.reflect.DelegatingMethodAccessorImpl.invoke(DelegatingMethodAccessorImpl.java:43)<br />
              java.lang.reflect.Method.invoke(Method.java:498)<br />
              org.testng.internal.MethodInvocationHelper.invokeMethod(MethodInvocationHelper.java:85)<br />
              org.testng.internal.Invoker.invokeConfigurationMethod(Invoker.java:552)<br />
              org.testng.internal.Invoker.invokeConfigurations(Invoker.java:215)<br />
              org.testng.internal.Invoker.invokeConfigurations(Invoker.java:140)<br />
              org.testng.internal.TestMethodWorker.invokeAfterClassMethods(TestMethodWorker.java:220)<br />
              org.testng.internal.TestMethodWorker.run(TestMethodWorker.java:111)<br />
              java.util.concurrent.ThreadPoolExecutor.runWorker(ThreadPoolExecutor.java:1142)<br />
              java.util.concurrent.ThreadPoolExecutor$Worker.run(ThreadPoolExecutor.java:617)<br />
              java.lang.Thread.run(Thread.java:745)<br />
                </div>
      </td>
</tr>
          <tr class="group">
        <td colspan="3">com.selenium.test.utils.Yangjun</td>
      </tr>
            
<tr>
  <td class="method">
                  setUp
      </td>
  <td class="duration">
    0.000s
  </td>
  <td class="result">
        
    
        

        <a href="javascript:toggleElement('exception-2', 'block')" title="Click to expand/collapse"><b>org.openqa.selenium.WebDriverException: Failed to connect to binary FirefoxBinary(C:\Program Files (x86)\Mozilla Firefox\firefox.exe) on port 7055; process output follows: <br/>
e://gre/modules/Task.jsm:280:3<br/>
createAsyncFunction/asyncFunction@resource://gre/modules/Task.jsm:254:14<br/>
loadManifestFromFile@resource://gre/modules/addons/XPIProvider.jsm:1416:12<br/>
AddonInstaller.InstallerService._shouldInstall/&lt;@resource://addoninstaller/installerService.js:319:49<br/>
safeCall@resource://gre/modules/AddonManager.jsm:179:5<br/>
makeSafe/&lt;@resource://gre/modules/AddonManager.jsm:195:25<br/>
Handler.prototype.process@resource://gre/modules/Promise.jsm -&gt; resource://gre/modules/Promise-backend.js:937:23<br/>
this.PromiseWalker.walkerLoop@resource://gre/modules/Promise.jsm -&gt; resource://gre/modules/Promise-backend.js:816:7<br/>
this.PromiseWalker.scheduleWalkerLoop/&lt;@resource://gre/modules/Promise.jsm -&gt; resource://gre/modules/Promise-backend.js:750:11<br/>
<br/>
*************************<br/>
*************************<br/>
A coding exception was thrown and uncaught in a Task.<br/>
<br/>
Full message: TypeError: aAddon._installLocation is undefined<br/>
Full stack: shouldVerifySignedState@resource://gre/modules/addons/XPIProvider.jsm:1617:1<br/>
verifyZipSignedState@resource://gre/modules/addons/XPIProvider.jsm:1648:8<br/>
loadManifestFromZipReader&lt;@resource://gre/modules/addons/XPIProvider.jsm:1381:29<br/>
TaskImpl_run@resource://gre/modules/Task.jsm:319:40<br/>
TaskImpl@resource://gre/modules/Task.jsm:280:3<br/>
createAsyncFunction/asyncFunction@resource://gre/modules/Task.jsm:254:14<br/>
loadManifestFromZipFile&lt;@resource://gre/modules/addons/XPIProvider.jsm:1406:26<br/>
TaskImpl_run@resource://gre/modules/Task.jsm:319:40<br/>
TaskImpl@resource://gre/modules/Task.jsm:280:3<br/>
createAsyncFunction/asyncFunction@resource://gre/modules/Task.jsm:254:14<br/>
loadManifestFromFile@resource://gre/modules/addons/XPIProvider.jsm:1416:12<br/>
AddonInstaller.InstallerService._shouldInstall/&lt;@resource://addoninstaller/installerService.js:319:49<br/>
safeCall@resource://gre/modules/AddonManager.jsm:179:5<br/>
makeSafe/&lt;@resource://gre/modules/AddonManager.jsm:195:25<br/>
Handler.prototype.process@resource://gre/modules/Promise.jsm -&gt; resource://gre/modules/Promise-backend.js:937:23<br/>
this.PromiseWalker.walkerLoop@resource://gre/modules/Promise.jsm -&gt; resource://gre/modules/Promise-backend.js:816:7<br/>
this.PromiseWalker.scheduleWalkerLoop/&lt;@resource://gre/modules/Promise.jsm -&gt; resource://gre/modules/Promise-backend.js:750:11<br/>
<br/>
*************************<br/>
*************************<br/>
A coding exception was thrown and uncaught in a Task.<br/>
<br/>
Full message: TypeError: aAddon._installLocation is undefined<br/>
Full stack: shouldVerifySignedState@resource://gre/modules/addons/XPIProvider.jsm:1617:1<br/>
verifyZipSignedState@resource://gre/modules/addons/XPIProvider.jsm:1648:8<br/>
loadManifestFromZipReader&lt;@resource://gre/modules/addons/XPIProvider.jsm:1381:29<br/>
TaskImpl_run@resource://gre/modules/Task.jsm:319:40<br/>
TaskImpl@resource://gre/modules/Task.jsm:280:3<br/>
createAsyncFunction/asyncFunction@resource://gre/modules/Task.jsm:254:14<br/>
loadManifestFromZipFile&lt;@resource://gre/modules/addons/XPIProvider.jsm:1406:26<br/>
TaskImpl_run@resource://gre/modules/Task.jsm:319:40<br/>
TaskImpl@resource://gre/modules/Task.jsm:280:3<br/>
createAsyncFunction/asyncFunction@resource://gre/modules/Task.jsm:254:14<br/>
loadManifestFromFile@resource://gre/modules/addons/XPIProvider.jsm:1416:12<br/>
AddonInstaller.InstallerService._shouldInstall/&lt;@resource://addoninstaller/installerService.js:319:49<br/>
safeCall@resource://gre/modules/AddonManager.jsm:179:5<br/>
makeSafe/&lt;@resource://gre/modules/AddonManager.jsm:195:25<br/>
Handler.prototype.process@resource://gre/modules/Promise.jsm -&gt; resource://gre/modules/Promise-backend.js:937:23<br/>
this.PromiseWalker.walkerLoop@resource://gre/modules/Promise.jsm -&gt; resource://gre/modules/Promise-backend.js:816:7<br/>
this.PromiseWalker.scheduleWalkerLoop/&lt;@resource://gre/modules/Promise.jsm -&gt; resource://gre/modules/Promise-backend.js:750:11<br/>
<br/>
*************************<br/>
JavaScript warning: https://normandy-cloudfront.cdn.mozilla.net/static/bundles/selfrepair.8d056d434484b1d6ae51.js, line 7: mutating the [[Prototype]] of an object will cause your code to run very slowly; instead create the object with the correct initial [[Prototype]] value using Object.create<br/>
<br/>
Build info: version: &apos;2.45.0&apos;, revision: &apos;5017cb8e7ca8e37638dc3091b2440b90a1d8686f&apos;, time: &apos;2015-02-27 09:10:26&apos;<br/>
System info: host: &apos;DESKTOP-7S282RB&apos;, ip: &apos;192.168.154.2&apos;, os.name: &apos;Windows 10&apos;, os.arch: &apos;amd64&apos;, os.version: &apos;10.0&apos;, java.version: &apos;1.8.0_91&apos;<br/>
Driver info: driver.version: FirefoxDriver</b></a><br />
    <div class="stackTrace" id="exception-2">
              org.openqa.selenium.firefox.internal.NewProfileExtensionConnection.start(NewProfileExtensionConnection.java:130)<br />
              org.openqa.selenium.firefox.FirefoxDriver.startClient(FirefoxDriver.java:246)<br />
              org.openqa.selenium.remote.RemoteWebDriver.&lt;init&gt;(RemoteWebDriver.java:114)<br />
              org.openqa.selenium.firefox.FirefoxDriver.&lt;init&gt;(FirefoxDriver.java:193)<br />
              org.openqa.selenium.firefox.FirefoxDriver.&lt;init&gt;(FirefoxDriver.java:186)<br />
              org.openqa.selenium.firefox.FirefoxDriver.&lt;init&gt;(FirefoxDriver.java:182)<br />
              org.openqa.selenium.firefox.FirefoxDriver.&lt;init&gt;(FirefoxDriver.java:95)<br />
              com.selenium.test.utils.Yangjun.setUp(Yangjun.java:22)<br />
              sun.reflect.NativeMethodAccessorImpl.invoke0(Native Method)<br />
              sun.reflect.NativeMethodAccessorImpl.invoke(NativeMethodAccessorImpl.java:62)<br />
              sun.reflect.DelegatingMethodAccessorImpl.invoke(DelegatingMethodAccessorImpl.java:43)<br />
              java.lang.reflect.Method.invoke(Method.java:498)<br />
              org.testng.internal.MethodInvocationHelper.invokeMethod(MethodInvocationHelper.java:85)<br />
              org.testng.internal.Invoker.invokeConfigurationMethod(Invoker.java:552)<br />
              org.testng.internal.Invoker.invokeConfigurations(Invoker.java:215)<br />
              org.testng.internal.Invoker.invokeConfigurations(Invoker.java:140)<br />
              org.testng.internal.TestMethodWorker.invokeBeforeClassMethods(TestMethodWorker.java:170)<br />
              org.testng.internal.TestMethodWorker.run(TestMethodWorker.java:104)<br />
              java.util.concurrent.ThreadPoolExecutor.runWorker(ThreadPoolExecutor.java:1142)<br />
              java.util.concurrent.ThreadPoolExecutor$Worker.run(ThreadPoolExecutor.java:617)<br />
              java.lang.Thread.run(Thread.java:745)<br />
                    <b>Caused by: </b> <a href="javascript:toggleElement('exception-3', 'block')" title="Click to expand/collapse">org.openqa.selenium.firefox.NotConnectedException: Unable to connect to host 127.0.0.1 on port 7055 after 45000 ms. Firefox console output:<br/>
e://gre/modules/Task.jsm:280:3<br/>
createAsyncFunction/asyncFunction@resource://gre/modules/Task.jsm:254:14<br/>
loadManifestFromFile@resource://gre/modules/addons/XPIProvider.jsm:1416:12<br/>
AddonInstaller.InstallerService._shouldInstall/&lt;@resource://addoninstaller/installerService.js:319:49<br/>
safeCall@resource://gre/modules/AddonManager.jsm:179:5<br/>
makeSafe/&lt;@resource://gre/modules/AddonManager.jsm:195:25<br/>
Handler.prototype.process@resource://gre/modules/Promise.jsm -&gt; resource://gre/modules/Promise-backend.js:937:23<br/>
this.PromiseWalker.walkerLoop@resource://gre/modules/Promise.jsm -&gt; resource://gre/modules/Promise-backend.js:816:7<br/>
this.PromiseWalker.scheduleWalkerLoop/&lt;@resource://gre/modules/Promise.jsm -&gt; resource://gre/modules/Promise-backend.js:750:11<br/>
<br/>
*************************<br/>
*************************<br/>
A coding exception was thrown and uncaught in a Task.<br/>
<br/>
Full message: TypeError: aAddon._installLocation is undefined<br/>
Full stack: shouldVerifySignedState@resource://gre/modules/addons/XPIProvider.jsm:1617:1<br/>
verifyZipSignedState@resource://gre/modules/addons/XPIProvider.jsm:1648:8<br/>
loadManifestFromZipReader&lt;@resource://gre/modules/addons/XPIProvider.jsm:1381:29<br/>
TaskImpl_run@resource://gre/modules/Task.jsm:319:40<br/>
TaskImpl@resource://gre/modules/Task.jsm:280:3<br/>
createAsyncFunction/asyncFunction@resource://gre/modules/Task.jsm:254:14<br/>
loadManifestFromZipFile&lt;@resource://gre/modules/addons/XPIProvider.jsm:1406:26<br/>
TaskImpl_run@resource://gre/modules/Task.jsm:319:40<br/>
TaskImpl@resource://gre/modules/Task.jsm:280:3<br/>
createAsyncFunction/asyncFunction@resource://gre/modules/Task.jsm:254:14<br/>
loadManifestFromFile@resource://gre/modules/addons/XPIProvider.jsm:1416:12<br/>
AddonInstaller.InstallerService._shouldInstall/&lt;@resource://addoninstaller/installerService.js:319:49<br/>
safeCall@resource://gre/modules/AddonManager.jsm:179:5<br/>
makeSafe/&lt;@resource://gre/modules/AddonManager.jsm:195:25<br/>
Handler.prototype.process@resource://gre/modules/Promise.jsm -&gt; resource://gre/modules/Promise-backend.js:937:23<br/>
this.PromiseWalker.walkerLoop@resource://gre/modules/Promise.jsm -&gt; resource://gre/modules/Promise-backend.js:816:7<br/>
this.PromiseWalker.scheduleWalkerLoop/&lt;@resource://gre/modules/Promise.jsm -&gt; resource://gre/modules/Promise-backend.js:750:11<br/>
<br/>
*************************<br/>
*************************<br/>
A coding exception was thrown and uncaught in a Task.<br/>
<br/>
Full message: TypeError: aAddon._installLocation is undefined<br/>
Full stack: shouldVerifySignedState@resource://gre/modules/addons/XPIProvider.jsm:1617:1<br/>
verifyZipSignedState@resource://gre/modules/addons/XPIProvider.jsm:1648:8<br/>
loadManifestFromZipReader&lt;@resource://gre/modules/addons/XPIProvider.jsm:1381:29<br/>
TaskImpl_run@resource://gre/modules/Task.jsm:319:40<br/>
TaskImpl@resource://gre/modules/Task.jsm:280:3<br/>
createAsyncFunction/asyncFunction@resource://gre/modules/Task.jsm:254:14<br/>
loadManifestFromZipFile&lt;@resource://gre/modules/addons/XPIProvider.jsm:1406:26<br/>
TaskImpl_run@resource://gre/modules/Task.jsm:319:40<br/>
TaskImpl@resource://gre/modules/Task.jsm:280:3<br/>
createAsyncFunction/asyncFunction@resource://gre/modules/Task.jsm:254:14<br/>
loadManifestFromFile@resource://gre/modules/addons/XPIProvider.jsm:1416:12<br/>
AddonInstaller.InstallerService._shouldInstall/&lt;@resource://addoninstaller/installerService.js:319:49<br/>
safeCall@resource://gre/modules/AddonManager.jsm:179:5<br/>
makeSafe/&lt;@resource://gre/modules/AddonManager.jsm:195:25<br/>
Handler.prototype.process@resource://gre/modules/Promise.jsm -&gt; resource://gre/modules/Promise-backend.js:937:23<br/>
this.PromiseWalker.walkerLoop@resource://gre/modules/Promise.jsm -&gt; resource://gre/modules/Promise-backend.js:816:7<br/>
this.PromiseWalker.scheduleWalkerLoop/&lt;@resource://gre/modules/Promise.jsm -&gt; resource://gre/modules/Promise-backend.js:750:11<br/>
<br/>
*************************<br/>
JavaScript warning: https://normandy-cloudfront.cdn.mozilla.net/static/bundles/selfrepair.8d056d434484b1d6ae51.js, line 7: mutating the [[Prototype]] of an object will cause your code to run very slowly; instead create the object with the correct initial [[Prototype]] value using Object.create<br/>
</a><br />
        <div class="stackTrace" id="exception-3">
                      org.openqa.selenium.firefox.internal.NewProfileExtensionConnection.start(NewProfileExtensionConnection.java:118)<br />
                      org.openqa.selenium.firefox.FirefoxDriver.startClient(FirefoxDriver.java:246)<br />
                      org.openqa.selenium.remote.RemoteWebDriver.&lt;init&gt;(RemoteWebDriver.java:114)<br />
                      org.openqa.selenium.firefox.FirefoxDriver.&lt;init&gt;(FirefoxDriver.java:193)<br />
                      org.openqa.selenium.firefox.FirefoxDriver.&lt;init&gt;(FirefoxDriver.java:186)<br />
                      org.openqa.selenium.firefox.FirefoxDriver.&lt;init&gt;(FirefoxDriver.java:182)<br />
                      org.openqa.selenium.firefox.FirefoxDriver.&lt;init&gt;(FirefoxDriver.java:95)<br />
                      com.selenium.test.utils.Yangjun.setUp(Yangjun.java:22)<br />
                      sun.reflect.NativeMethodAccessorImpl.invoke0(Native Method)<br />
                      sun.reflect.NativeMethodAccessorImpl.invoke(NativeMethodAccessorImpl.java:62)<br />
                      sun.reflect.DelegatingMethodAccessorImpl.invoke(DelegatingMethodAccessorImpl.java:43)<br />
                      java.lang.reflect.Method.invoke(Method.java:498)<br />
                      org.testng.internal.MethodInvocationHelper.invokeMethod(MethodInvocationHelper.java:85)<br />
                      org.testng.internal.Invoker.invokeConfigurationMethod(Invoker.java:552)<br />
                      org.testng.internal.Invoker.invokeConfigurations(Invoker.java:215)<br />
                      org.testng.internal.Invoker.invokeConfigurations(Invoker.java:140)<br />
                      org.testng.internal.TestMethodWorker.invokeBeforeClassMethods(TestMethodWorker.java:170)<br />
                      org.testng.internal.TestMethodWorker.run(TestMethodWorker.java:104)<br />
                      java.util.concurrent.ThreadPoolExecutor.runWorker(ThreadPoolExecutor.java:1142)<br />
                      java.util.concurrent.ThreadPoolExecutor$Worker.run(ThreadPoolExecutor.java:617)<br />
                      java.lang.Thread.run(Thread.java:745)<br />
                  </div>
          </div>
      </td>
</tr>
<tr>
  <td class="method">
                  tearDown
      </td>
  <td class="duration">
    0.000s
  </td>
  <td class="result">
        
    
        

        <a href="javascript:toggleElement('exception-4', 'block')" title="Click to expand/collapse"><b>java.lang.NullPointerException</b></a><br />
    <div class="stackTrace" id="exception-4">
              com.selenium.test.utils.Yangjun.tearDown(Yangjun.java:40)<br />
              sun.reflect.NativeMethodAccessorImpl.invoke0(Native Method)<br />
              sun.reflect.NativeMethodAccessorImpl.invoke(NativeMethodAccessorImpl.java:62)<br />
              sun.reflect.DelegatingMethodAccessorImpl.invoke(DelegatingMethodAccessorImpl.java:43)<br />
              java.lang.reflect.Method.invoke(Method.java:498)<br />
              org.testng.internal.MethodInvocationHelper.invokeMethod(MethodInvocationHelper.java:85)<br />
              org.testng.internal.Invoker.invokeConfigurationMethod(Invoker.java:552)<br />
              org.testng.internal.Invoker.invokeConfigurations(Invoker.java:215)<br />
              org.testng.internal.Invoker.invokeConfigurations(Invoker.java:140)<br />
              org.testng.internal.TestMethodWorker.invokeAfterClassMethods(TestMethodWorker.java:220)<br />
              org.testng.internal.TestMethodWorker.run(TestMethodWorker.java:111)<br />
              java.util.concurrent.ThreadPoolExecutor.runWorker(ThreadPoolExecutor.java:1142)<br />
              java.util.concurrent.ThreadPoolExecutor$Worker.run(ThreadPoolExecutor.java:617)<br />
              java.lang.Thread.run(Thread.java:745)<br />
                </div>
      </td>
</tr>
    
      </table>



  <table class="resultsTable" width="100%">
    <tr><th colspan="3" class="header skipped">Skipped Tests</th></tr>
          <tr>
        <td colspan="3" class="group">com.selenium.test.utils.Baidu</td>
      </tr>
            
<tr>
  <td class="method">
                  testBaidu
      </td>
  <td class="duration">
    0.000s
  </td>
  <td class="result">
                         
    
        

      </td>
</tr>
          <tr>
        <td colspan="3" class="group">com.selenium.test.utils.Yangjun</td>
      </tr>
            
<tr>
  <td class="method">
                  testYangjun
      </td>
  <td class="duration">
    0.000s
  </td>
  <td class="result">
                         
    
        

      </td>
</tr>
      </table>

  
</body>
</html>
